{"E:\\WebDev-Showcase\\REACT\\02-first-steps\\src\\App.tsx": {"path":"E:\\WebDev-Showcase\\REACT\\02-first-steps\\src\\App.tsx","all":true,"statementMap":{"0":{"start":{"line":1,"column":0},"end":{"line":1,"column":18}},"2":{"start":{"line":3,"column":0},"end":{"line":3,"column":16}},"3":{"start":{"line":4,"column":0},"end":{"line":4,"column":10}},"4":{"start":{"line":5,"column":0},"end":{"line":5,"column":6}},"5":{"start":{"line":6,"column":0},"end":{"line":6,"column":27}},"6":{"start":{"line":7,"column":0},"end":{"line":7,"column":25}},"9":{"start":{"line":10,"column":0},"end":{"line":10,"column":1}},"11":{"start":{"line":12,"column":0},"end":{"line":12,"column":18}}},"s":{"0":0,"2":0,"3":0,"4":0,"5":0,"6":0,"9":0,"11":0},"branchMap":{"0":{"type":"branch","line":1,"loc":{"start":{"line":1,"column":142},"end":{"line":12,"column":18}},"locations":[{"start":{"line":1,"column":142},"end":{"line":12,"column":18}}]}},"b":{"0":[0]},"fnMap":{"0":{"name":"(empty-report)","decl":{"start":{"line":1,"column":142},"end":{"line":12,"column":18}},"loc":{"start":{"line":1,"column":142},"end":{"line":12,"column":18}},"line":1}},"f":{"0":0}}
,"E:\\WebDev-Showcase\\REACT\\02-first-steps\\src\\FirstStepsApp.tsx": {"path":"E:\\WebDev-Showcase\\REACT\\02-first-steps\\src\\FirstStepsApp.tsx","all":false,"statementMap":{"0":{"start":{"line":1,"column":0},"end":{"line":1,"column":58}},"7":{"start":{"line":8,"column":0},"end":{"line":8,"column":35}},"8":{"start":{"line":9,"column":0},"end":{"line":9,"column":54}},"9":{"start":{"line":10,"column":0},"end":{"line":10,"column":51}},"10":{"start":{"line":11,"column":0},"end":{"line":11,"column":53}},"11":{"start":{"line":12,"column":0},"end":{"line":12,"column":1}},"13":{"start":{"line":14,"column":0},"end":{"line":14,"column":33}},"14":{"start":{"line":15,"column":0},"end":{"line":15,"column":12}},"15":{"start":{"line":16,"column":0},"end":{"line":16,"column":10}},"16":{"start":{"line":17,"column":0},"end":{"line":17,"column":39}},"18":{"start":{"line":19,"column":0},"end":{"line":19,"column":61}},"19":{"start":{"line":20,"column":0},"end":{"line":20,"column":88}},"23":{"start":{"line":24,"column":0},"end":{"line":24,"column":1}}},"s":{"0":1,"7":1,"8":1,"9":1,"10":1,"11":1,"13":1,"14":3,"15":3,"16":3,"18":3,"19":3,"23":3},"branchMap":{"0":{"type":"branch","line":14,"loc":{"start":{"line":14,"column":7},"end":{"line":24,"column":1}},"locations":[{"start":{"line":14,"column":7},"end":{"line":24,"column":1}}]}},"b":{"0":[3]},"fnMap":{"0":{"name":"FirstStepsApp","decl":{"start":{"line":14,"column":7},"end":{"line":24,"column":1}},"loc":{"start":{"line":14,"column":7},"end":{"line":24,"column":1}},"line":14}},"f":{"0":3}}
,"E:\\WebDev-Showcase\\REACT\\02-first-steps\\src\\MyAwesomeApp.tsx": {"path":"E:\\WebDev-Showcase\\REACT\\02-first-steps\\src\\MyAwesomeApp.tsx","all":false,"statementMap":{"2":{"start":{"line":3,"column":0},"end":{"line":3,"column":32}},"3":{"start":{"line":4,"column":0},"end":{"line":4,"column":29}},"4":{"start":{"line":5,"column":0},"end":{"line":5,"column":31}},"6":{"start":{"line":7,"column":0},"end":{"line":7,"column":27}},"7":{"start":{"line":8,"column":0},"end":{"line":8,"column":30}},"8":{"start":{"line":9,"column":0},"end":{"line":9,"column":22}},"9":{"start":{"line":10,"column":0},"end":{"line":10,"column":17}},"10":{"start":{"line":11,"column":0},"end":{"line":11,"column":6}},"11":{"start":{"line":12,"column":0},"end":{"line":12,"column":27}},"13":{"start":{"line":14,"column":0},"end":{"line":14,"column":21}},"14":{"start":{"line":15,"column":0},"end":{"line":15,"column":27}},"15":{"start":{"line":16,"column":0},"end":{"line":16,"column":26}},"16":{"start":{"line":17,"column":0},"end":{"line":17,"column":6}},"18":{"start":{"line":19,"column":0},"end":{"line":19,"column":37}},"19":{"start":{"line":20,"column":0},"end":{"line":20,"column":35}},"20":{"start":{"line":21,"column":0},"end":{"line":21,"column":40}},"21":{"start":{"line":22,"column":0},"end":{"line":22,"column":19}},"22":{"start":{"line":23,"column":0},"end":{"line":23,"column":5}},"24":{"start":{"line":25,"column":0},"end":{"line":25,"column":11}},"25":{"start":{"line":26,"column":0},"end":{"line":26,"column":36}},"26":{"start":{"line":27,"column":0},"end":{"line":27,"column":64}},"27":{"start":{"line":28,"column":0},"end":{"line":28,"column":33}},"29":{"start":{"line":30,"column":0},"end":{"line":30,"column":77}},"30":{"start":{"line":31,"column":0},"end":{"line":31,"column":26}},"32":{"start":{"line":33,"column":0},"end":{"line":33,"column":56}},"33":{"start":{"line":34,"column":0},"end":{"line":34,"column":61}},"36":{"start":{"line":37,"column":0},"end":{"line":37,"column":1}}},"s":{"2":1,"3":4,"4":4,"6":4,"7":4,"8":4,"9":4,"10":4,"11":4,"13":4,"14":4,"15":4,"16":4,"18":4,"19":4,"20":4,"21":4,"22":4,"24":4,"25":4,"26":4,"27":4,"29":4,"30":4,"32":4,"33":4,"36":4},"branchMap":{"0":{"type":"branch","line":3,"loc":{"start":{"line":3,"column":7},"end":{"line":37,"column":1}},"locations":[{"start":{"line":3,"column":7},"end":{"line":37,"column":1}}]},"1":{"type":"branch","line":21,"loc":{"start":{"line":21,"column":22},"end":{"line":21,"column":38}},"locations":[{"start":{"line":21,"column":22},"end":{"line":21,"column":38}}]},"2":{"type":"branch","line":33,"loc":{"start":{"line":33,"column":18},"end":{"line":33,"column":40}},"locations":[{"start":{"line":33,"column":18},"end":{"line":33,"column":40}}]}},"b":{"0":[4],"1":[0],"2":[0]},"fnMap":{"0":{"name":"MyAwesomeApp","decl":{"start":{"line":3,"column":7},"end":{"line":37,"column":1}},"loc":{"start":{"line":3,"column":7},"end":{"line":37,"column":1}},"line":3}},"f":{"0":4}}
,"E:\\WebDev-Showcase\\REACT\\02-first-steps\\src\\ShoppingCartApp.tsx": {"path":"E:\\WebDev-Showcase\\REACT\\02-first-steps\\src\\ShoppingCartApp.tsx","all":true,"statementMap":{"0":{"start":{"line":1,"column":0},"end":{"line":1,"column":58}},"7":{"start":{"line":8,"column":0},"end":{"line":8,"column":35}},"8":{"start":{"line":9,"column":0},"end":{"line":9,"column":54}},"9":{"start":{"line":10,"column":0},"end":{"line":10,"column":51}},"10":{"start":{"line":11,"column":0},"end":{"line":11,"column":53}},"11":{"start":{"line":12,"column":0},"end":{"line":12,"column":2}},"14":{"start":{"line":15,"column":0},"end":{"line":15,"column":35}},"15":{"start":{"line":16,"column":0},"end":{"line":16,"column":12}},"16":{"start":{"line":17,"column":0},"end":{"line":17,"column":10}},"17":{"start":{"line":18,"column":0},"end":{"line":18,"column":39}},"24":{"start":{"line":25,"column":0},"end":{"line":25,"column":65}},"25":{"start":{"line":26,"column":0},"end":{"line":26,"column":93}},"30":{"start":{"line":31,"column":0},"end":{"line":31,"column":1}}},"s":{"0":0,"7":0,"8":0,"9":0,"10":0,"11":0,"14":0,"15":0,"16":0,"17":0,"24":0,"25":0,"30":0},"branchMap":{"0":{"type":"branch","line":1,"loc":{"start":{"line":1,"column":958},"end":{"line":31,"column":1}},"locations":[{"start":{"line":1,"column":958},"end":{"line":31,"column":1}}]}},"b":{"0":[0]},"fnMap":{"0":{"name":"(empty-report)","decl":{"start":{"line":1,"column":958},"end":{"line":31,"column":1}},"loc":{"start":{"line":1,"column":958},"end":{"line":31,"column":1}},"line":1}},"f":{"0":0}}
,"E:\\WebDev-Showcase\\REACT\\02-first-steps\\src\\main.tsx": {"path":"E:\\WebDev-Showcase\\REACT\\02-first-steps\\src\\main.tsx","all":true,"statementMap":{"0":{"start":{"line":1,"column":0},"end":{"line":1,"column":35}},"1":{"start":{"line":2,"column":0},"end":{"line":2,"column":46}},"2":{"start":{"line":3,"column":0},"end":{"line":3,"column":52}},"4":{"start":{"line":5,"column":0},"end":{"line":5,"column":52}},"5":{"start":{"line":6,"column":0},"end":{"line":6,"column":14}},"8":{"start":{"line":9,"column":0},"end":{"line":9,"column":23}}},"s":{"0":0,"1":0,"2":0,"4":0,"5":0,"8":0},"branchMap":{"0":{"type":"branch","line":1,"loc":{"start":{"line":1,"column":304},"end":{"line":12,"column":1}},"locations":[{"start":{"line":1,"column":304},"end":{"line":12,"column":1}}]}},"b":{"0":[0]},"fnMap":{"0":{"name":"(empty-report)","decl":{"start":{"line":1,"column":304},"end":{"line":12,"column":1}},"loc":{"start":{"line":1,"column":304},"end":{"line":12,"column":1}},"line":1}},"f":{"0":0}}
,"E:\\WebDev-Showcase\\REACT\\02-first-steps\\src\\helpers\\math.helper.ts": {"path":"E:\\WebDev-Showcase\\REACT\\02-first-steps\\src\\helpers\\math.helper.ts","all":false,"statementMap":{"2":{"start":{"line":3,"column":0},"end":{"line":3,"column":46}},"3":{"start":{"line":4,"column":0},"end":{"line":4,"column":10}},"5":{"start":{"line":6,"column":0},"end":{"line":6,"column":17}},"6":{"start":{"line":7,"column":0},"end":{"line":7,"column":1}},"8":{"start":{"line":9,"column":0},"end":{"line":9,"column":52}},"9":{"start":{"line":10,"column":0},"end":{"line":10,"column":17}},"10":{"start":{"line":11,"column":0},"end":{"line":11,"column":1}},"12":{"start":{"line":13,"column":0},"end":{"line":13,"column":51}},"13":{"start":{"line":14,"column":0},"end":{"line":14,"column":17}},"14":{"start":{"line":15,"column":0},"end":{"line":15,"column":1}},"16":{"start":{"line":17,"column":0},"end":{"line":17,"column":49}},"17":{"start":{"line":18,"column":0},"end":{"line":18,"column":17}},"18":{"start":{"line":19,"column":0},"end":{"line":19,"column":1}}},"s":{"2":1,"3":2,"5":2,"6":2,"8":1,"9":2,"10":2,"12":1,"13":2,"14":2,"16":1,"17":2,"18":2},"branchMap":{"0":{"type":"branch","line":3,"loc":{"start":{"line":3,"column":20},"end":{"line":7,"column":1}},"locations":[{"start":{"line":3,"column":20},"end":{"line":7,"column":1}}]},"1":{"type":"branch","line":9,"loc":{"start":{"line":9,"column":26},"end":{"line":11,"column":1}},"locations":[{"start":{"line":9,"column":26},"end":{"line":11,"column":1}}]},"2":{"type":"branch","line":13,"loc":{"start":{"line":13,"column":25},"end":{"line":15,"column":1}},"locations":[{"start":{"line":13,"column":25},"end":{"line":15,"column":1}}]},"3":{"type":"branch","line":17,"loc":{"start":{"line":17,"column":23},"end":{"line":19,"column":1}},"locations":[{"start":{"line":17,"column":23},"end":{"line":19,"column":1}}]}},"b":{"0":[2],"1":[2],"2":[2],"3":[2]},"fnMap":{"0":{"name":"add","decl":{"start":{"line":3,"column":20},"end":{"line":7,"column":1}},"loc":{"start":{"line":3,"column":20},"end":{"line":7,"column":1}},"line":3},"1":{"name":"substract","decl":{"start":{"line":9,"column":26},"end":{"line":11,"column":1}},"loc":{"start":{"line":9,"column":26},"end":{"line":11,"column":1}},"line":9},"2":{"name":"multiply","decl":{"start":{"line":13,"column":25},"end":{"line":15,"column":1}},"loc":{"start":{"line":13,"column":25},"end":{"line":15,"column":1}},"line":13},"3":{"name":"divide","decl":{"start":{"line":17,"column":23},"end":{"line":19,"column":1}},"loc":{"start":{"line":17,"column":23},"end":{"line":19,"column":1}},"line":17}},"f":{"0":2,"1":2,"2":2,"3":2}}
,"E:\\WebDev-Showcase\\REACT\\02-first-steps\\src\\shopping-cart\\ItemCounter.tsx": {"path":"E:\\WebDev-Showcase\\REACT\\02-first-steps\\src\\shopping-cart\\ItemCounter.tsx","all":false,"statementMap":{"0":{"start":{"line":1,"column":0},"end":{"line":1,"column":33}},"1":{"start":{"line":2,"column":0},"end":{"line":2,"column":29}},"2":{"start":{"line":3,"column":0},"end":{"line":3,"column":46}},"9":{"start":{"line":10,"column":0},"end":{"line":10,"column":63}},"11":{"start":{"line":12,"column":0},"end":{"line":12,"column":48}},"13":{"start":{"line":14,"column":0},"end":{"line":14,"column":29}},"14":{"start":{"line":15,"column":0},"end":{"line":15,"column":28}},"15":{"start":{"line":16,"column":0},"end":{"line":16,"column":5}},"17":{"start":{"line":18,"column":0},"end":{"line":18,"column":34}},"18":{"start":{"line":19,"column":0},"end":{"line":19,"column":25}},"19":{"start":{"line":20,"column":0},"end":{"line":20,"column":19}},"20":{"start":{"line":21,"column":0},"end":{"line":21,"column":9}},"21":{"start":{"line":22,"column":0},"end":{"line":22,"column":28}},"22":{"start":{"line":23,"column":0},"end":{"line":23,"column":5}},"24":{"start":{"line":25,"column":0},"end":{"line":25,"column":12}},"25":{"start":{"line":26,"column":0},"end":{"line":26,"column":16}},"26":{"start":{"line":27,"column":0},"end":{"line":27,"column":44}},"34":{"start":{"line":35,"column":0},"end":{"line":35,"column":17}},"35":{"start":{"line":36,"column":0},"end":{"line":36,"column":49}},"36":{"start":{"line":37,"column":0},"end":{"line":37,"column":26}},"37":{"start":{"line":38,"column":0},"end":{"line":38,"column":60}},"38":{"start":{"line":39,"column":0},"end":{"line":39,"column":18}},"40":{"start":{"line":41,"column":0},"end":{"line":41,"column":24}},"42":{"start":{"line":43,"column":0},"end":{"line":43,"column":19}},"43":{"start":{"line":44,"column":0},"end":{"line":44,"column":48}},"44":{"start":{"line":45,"column":0},"end":{"line":45,"column":34}},"45":{"start":{"line":46,"column":0},"end":{"line":46,"column":20}},"46":{"start":{"line":47,"column":0},"end":{"line":47,"column":53}},"49":{"start":{"line":50,"column":0},"end":{"line":50,"column":1}}},"s":{"0":1,"1":1,"2":1,"9":1,"11":9,"13":9,"14":1,"15":1,"17":9,"18":2,"19":1,"20":1,"21":1,"22":1,"24":9,"25":9,"26":9,"34":9,"35":9,"36":9,"37":9,"38":9,"40":9,"42":9,"43":9,"44":9,"45":9,"46":9,"49":9},"branchMap":{"0":{"type":"branch","line":10,"loc":{"start":{"line":10,"column":27},"end":{"line":50,"column":1}},"locations":[{"start":{"line":10,"column":27},"end":{"line":50,"column":1}}]},"1":{"type":"branch","line":38,"loc":{"start":{"line":38,"column":40},"end":{"line":38,"column":52}},"locations":[{"start":{"line":38,"column":40},"end":{"line":38,"column":52}}]},"2":{"type":"branch","line":38,"loc":{"start":{"line":38,"column":44},"end":{"line":38,"column":60}},"locations":[{"start":{"line":38,"column":44},"end":{"line":38,"column":60}}]},"3":{"type":"branch","line":14,"loc":{"start":{"line":14,"column":22},"end":{"line":16,"column":5}},"locations":[{"start":{"line":14,"column":22},"end":{"line":16,"column":5}}]},"4":{"type":"branch","line":18,"loc":{"start":{"line":18,"column":27},"end":{"line":23,"column":5}},"locations":[{"start":{"line":18,"column":27},"end":{"line":23,"column":5}}]},"5":{"type":"branch","line":19,"loc":{"start":{"line":19,"column":24},"end":{"line":23,"column":5}},"locations":[{"start":{"line":19,"column":24},"end":{"line":23,"column":5}}]}},"b":{"0":[9],"1":[4],"2":[5],"3":[1],"4":[2],"5":[1]},"fnMap":{"0":{"name":"ItemCounter","decl":{"start":{"line":10,"column":27},"end":{"line":50,"column":1}},"loc":{"start":{"line":10,"column":27},"end":{"line":50,"column":1}},"line":10},"1":{"name":"handleAdd","decl":{"start":{"line":14,"column":22},"end":{"line":16,"column":5}},"loc":{"start":{"line":14,"column":22},"end":{"line":16,"column":5}},"line":14},"2":{"name":"handleSubtract","decl":{"start":{"line":18,"column":27},"end":{"line":23,"column":5}},"loc":{"start":{"line":18,"column":27},"end":{"line":23,"column":5}},"line":18}},"f":{"0":9,"1":1,"2":2}}
}
